\BOOKMARK [0][-]{chapter.1}{Introduction}{}% 1
\BOOKMARK [1][-]{section.1.1}{Why another python framework?}{chapter.1}% 2
\BOOKMARK [1][-]{section.1.2}{Fantastico's initial ideas}{chapter.1}% 3
\BOOKMARK [0][-]{chapter.2}{Getting started}{}% 4
\BOOKMARK [1][-]{section.2.1}{Installation manual}{chapter.2}% 5
\BOOKMARK [1][-]{section.2.2}{Fantastico settings}{chapter.2}% 6
\BOOKMARK [1][-]{section.2.3}{Contribute}{chapter.2}% 7
\BOOKMARK [1][-]{section.2.4}{Development mode}{chapter.2}% 8
\BOOKMARK [0][-]{chapter.3}{How to articles}{}% 9
\BOOKMARK [1][-]{section.3.1}{Creating a new project}{chapter.3}% 10
\BOOKMARK [1][-]{section.3.2}{Creating a simple TODO application}{chapter.3}% 11
\BOOKMARK [1][-]{section.3.3}{MVC How to}{chapter.3}% 12
\BOOKMARK [1][-]{section.3.4}{Deployment how to}{chapter.3}% 13
\BOOKMARK [1][-]{section.3.5}{Static assets}{chapter.3}% 14
\BOOKMARK [0][-]{chapter.4}{Fantastico features}{}% 15
\BOOKMARK [1][-]{section.4.1}{Exceptions hierarchy}{chapter.4}% 16
\BOOKMARK [1][-]{section.4.2}{Request lifecycle}{chapter.4}% 17
\BOOKMARK [1][-]{section.4.3}{Routing engine}{chapter.4}% 18
\BOOKMARK [1][-]{section.4.4}{Model View Controller}{chapter.4}% 19
\BOOKMARK [1][-]{section.4.5}{CORS}{chapter.4}% 20
\BOOKMARK [1][-]{section.4.6}{ROA \(Resource Oriented Architecture\)}{chapter.4}% 21
\BOOKMARK [1][-]{section.4.7}{OAUTH2}{chapter.4}% 22
\BOOKMARK [1][-]{section.4.8}{SDK}{chapter.4}% 23
\BOOKMARK [1][-]{section.4.9}{Component model}{chapter.4}% 24
\BOOKMARK [1][-]{section.4.10}{Component reusage}{chapter.4}% 25
\BOOKMARK [1][-]{section.4.11}{Built in components}{chapter.4}% 26
\BOOKMARK [0][-]{chapter.5}{Changes}{}% 27
\BOOKMARK [1][-]{section.5.1}{Feedback}{chapter.5}% 28
\BOOKMARK [1][-]{section.5.2}{Versions}{chapter.5}% 29
\BOOKMARK [0][-]{chapter.6}{Provide feedback}{}% 30
\BOOKMARK [0][-]{chapter.7}{Build status}{}% 31
\BOOKMARK [0][-]{chapter.8}{License}{}% 32
\BOOKMARK [0][-]{section*.470}{Index}{}% 33
